<?xml version="1.0" encoding="UTF-8"?>
<!-- Generated by org.testng.reporters.JUnitReportReporter -->
<testsuite hostname="Macbooks-MacBook-Pro.local" failures="0" tests="2" name="test.HomePageTest" time="9.237" errors="0" timestamp="2023-11-15T13:12:11 EST" skipped="1">
  <testcase classname="test.HomePageTest" name="medicare" time="9.237"/>
  <testcase classname="test.HomePageTest" name="clickcmsgovTest">
    <skipped/>
  </testcase> <!-- clickcmsgovTest -->
</testsuite> <!-- test.HomePageTest -->
